# JRE version: Java(TM) SE Runtime Environment (8.0_73-b02) (build 1.8.0_73-b02)
# Java VM: Java HotSpot(TM) 64-Bit Server VM (25.73-b02 mixed mode windows-amd64 compressed oops)
Heap:
 PSYoungGen      total 208896K, used 22108K [0x000000076bf80000, 0x0000000780480000, 0x00000007c0000000)
  eden space 178688K, 12% used [0x000000076bf80000,0x000000076d517328,0x0000000776e00000)
  from space 30208K, 0% used [0x0000000776e00000,0x0000000776e00000,0x0000000778b80000)
  to   space 33792K, 0% used [0x000000077e380000,0x000000077e380000,0x0000000780480000)
 ParOldGen       total 200704K, used 40755K [0x00000006c3e00000, 0x00000006d0200000, 0x000000076bf80000)
  object space 200704K, 20% used [0x00000006c3e00000,0x00000006c65ccfe0,0x00000006d0200000)
 Metaspace       used 33932K, capacity 34744K, committed 35496K, reserved 1081344K
  class space    used 3988K, capacity 4281K, committed 4352K, reserved 1048576K
GC Heap History (10 events):
Event: 38.556 GC heap before
{Heap before GC invocations=5 (full 1):
 PSYoungGen      total 140800K, used 130048K [0x000000076bf80000, 0x0000000775380000, 0x00000007c0000000)
  eden space 130048K, 100% used [0x000000076bf80000,0x0000000773e80000,0x0000000773e80000)
  from space 10752K, 0% used [0x0000000773e80000,0x0000000773e80000,0x0000000774900000)
  to   space 10752K, 0% used [0x0000000774900000,0x0000000774900000,0x0000000775380000)
 ParOldGen       total 117248K, used 12881K [0x00000006c3e00000, 0x00000006cb080000, 0x000000076bf80000)
  object space 117248K, 10% used [0x00000006c3e00000,0x00000006c4a944b8,0x00000006cb080000)
 Metaspace       used 23016K, capacity 23560K, committed 23936K, reserved 1071104K
  class space    used 2706K, capacity 2882K, committed 2944K, reserved 1048576K
Event: 38.571 GC heap after
Heap after GC invocations=5 (full 1):
 PSYoungGen      total 140800K, used 10736K [0x000000076bf80000, 0x0000000778280000, 0x00000007c0000000)
  eden space 130048K, 0% used [0x000000076bf80000,0x000000076bf80000,0x0000000773e80000)
  from space 10752K, 99% used [0x0000000774900000,0x000000077537c010,0x0000000775380000)
  to   space 10752K, 0% used [0x0000000773e80000,0x0000000773e80000,0x0000000774900000)
 ParOldGen       total 117248K, used 15692K [0x00000006c3e00000, 0x00000006cb080000, 0x000000076bf80000)
  object space 117248K, 13% used [0x00000006c3e00000,0x00000006c4d530c8,0x00000006cb080000)
 Metaspace       used 23016K, capacity 23560K, committed 23936K, reserved 1071104K
  class space    used 2706K, capacity 2882K, committed 2944K, reserved 1048576K
}
Event: 41.089 GC heap before
{Heap before GC invocations=6 (full 1):
 PSYoungGen      total 140800K, used 140784K [0x000000076bf80000, 0x0000000778280000, 0x00000007c0000000)
  eden space 130048K, 100% used [0x000000076bf80000,0x0000000773e80000,0x0000000773e80000)
  from space 10752K, 99% used [0x0000000774900000,0x000000077537c010,0x0000000775380000)
  to   space 10752K, 0% used [0x0000000773e80000,0x0000000773e80000,0x0000000774900000)
 ParOldGen       total 117248K, used 15692K [0x00000006c3e00000, 0x00000006cb080000, 0x000000076bf80000)
  object space 117248K, 13% used [0x00000006c3e00000,0x00000006c4d530c8,0x00000006cb080000)
 Metaspace       used 29462K, capacity 30270K, committed 30720K, reserved 1077248K
  class space    used 3472K, capacity 3713K, committed 3840K, reserved 1048576K
Event: 41.121 GC heap after
Heap after GC invocations=6 (full 1):
 PSYoungGen      total 140800K, used 10720K [0x000000076bf80000, 0x000000077a500000, 0x00000007c0000000)
  eden space 130048K, 0% used [0x000000076bf80000,0x000000076bf80000,0x0000000773e80000)
  from space 10752K, 99% used [0x0000000773e80000,0x00000007748f8020,0x0000000774900000)
  to   space 26112K, 0% used [0x0000000778b80000,0x0000000778b80000,0x000000077a500000)
 ParOldGen       total 117248K, used 33862K [0x00000006c3e00000, 0x00000006cb080000, 0x000000076bf80000)
  object space 117248K, 28% used [0x00000006c3e00000,0x00000006c5f11b30,0x00000006cb080000)
 Metaspace       used 29462K, capacity 30270K, committed 30720K, reserved 1077248K
  class space    used 3472K, capacity 3713K, committed 3840K, reserved 1048576K
}
Event: 44.503 GC heap before
{Heap before GC invocations=7 (full 1):
 PSYoungGen      total 140800K, used 140768K [0x000000076bf80000, 0x000000077a500000, 0x00000007c0000000)
  eden space 130048K, 100% used [0x000000076bf80000,0x0000000773e80000,0x0000000773e80000)
  from space 10752K, 99% used [0x0000000773e80000,0x00000007748f8020,0x0000000774900000)
  to   space 26112K, 0% used [0x0000000778b80000,0x0000000778b80000,0x000000077a500000)
 ParOldGen       total 117248K, used 33862K [0x00000006c3e00000, 0x00000006cb080000, 0x000000076bf80000)
  object space 117248K, 28% used [0x00000006c3e00000,0x00000006c5f11b30,0x00000006cb080000)
 Metaspace       used 32356K, capacity 33206K, committed 33536K, reserved 1079296K
  class space    used 3780K, capacity 4049K, committed 4096K, reserved 1048576K
Event: 44.532 GC heap after
Heap after GC invocations=7 (full 1):
 PSYoungGen      total 204800K, used 25176K [0x000000076bf80000, 0x000000077ac80000, 0x00000007c0000000)
  eden space 178688K, 0% used [0x000000076bf80000,0x000000076bf80000,0x0000000776e00000)
  from space 26112K, 96% used [0x0000000778b80000,0x000000077a416230,0x000000077a500000)
  to   space 30208K, 0% used [0x0000000776e00000,0x0000000776e00000,0x0000000778b80000)
 ParOldGen       total 117248K, used 33870K [0x00000006c3e00000, 0x00000006cb080000, 0x000000076bf80000)
  object space 117248K, 28% used [0x00000006c3e00000,0x00000006c5f13b30,0x00000006cb080000)
 Metaspace       used 32356K, capacity 33206K, committed 33536K, reserved 1079296K
  class space    used 3780K, capacity 4049K, committed 4096K, reserved 1048576K
}
Event: 45.775 GC heap before
{Heap before GC invocations=8 (full 1):
 PSYoungGen      total 204800K, used 98931K [0x000000076bf80000, 0x000000077ac80000, 0x00000007c0000000)
  eden space 178688K, 41% used [0x000000076bf80000,0x0000000770786c10,0x0000000776e00000)
  from space 26112K, 96% used [0x0000000778b80000,0x000000077a416230,0x000000077a500000)
  to   space 30208K, 0% used [0x0000000776e00000,0x0000000776e00000,0x0000000778b80000)
 ParOldGen       total 117248K, used 33870K [0x00000006c3e00000, 0x00000006cb080000, 0x000000076bf80000)
  object space 117248K, 28% used [0x00000006c3e00000,0x00000006c5f13b30,0x00000006cb080000)
 Metaspace       used 34421K, capacity 35348K, committed 35496K, reserved 1081344K
  class space    used 4063K, capacity 4337K, committed 4352K, reserved 1048576K
Event: 45.805 GC heap after
Heap after GC invocations=8 (full 1):
 PSYoungGen      total 208896K, used 27624K [0x000000076bf80000, 0x0000000780480000, 0x00000007c0000000)
  eden space 178688K, 0% used [0x000000076bf80000,0x000000076bf80000,0x0000000776e00000)
  from space 30208K, 91% used [0x0000000776e00000,0x00000007788fa040,0x0000000778b80000)
  to   space 33792K, 0% used [0x000000077e380000,0x000000077e380000,0x0000000780480000)
 ParOldGen       total 117248K, used 33878K [0x00000006c3e00000, 0x00000006cb080000, 0x000000076bf80000)
  object space 117248K, 28% used [0x00000006c3e00000,0x00000006c5f15b30,0x00000006cb080000)
 Metaspace       used 34421K, capacity 35348K, committed 35496K, reserved 1081344K
  class space    used 4063K, capacity 4337K, committed 4352K, reserved 1048576K
}
Event: 45.805 GC heap before
{Heap before GC invocations=9 (full 2):
 PSYoungGen      total 208896K, used 27624K [0x000000076bf80000, 0x0000000780480000, 0x00000007c0000000)
  eden space 178688K, 0% used [0x000000076bf80000,0x000000076bf80000,0x0000000776e00000)
  from space 30208K, 91% used [0x0000000776e00000,0x00000007788fa040,0x0000000778b80000)
  to   space 33792K, 0% used [0x000000077e380000,0x000000077e380000,0x0000000780480000)
 ParOldGen       total 117248K, used 33878K [0x00000006c3e00000, 0x00000006cb080000, 0x000000076bf80000)
  object space 117248K, 28% used [0x00000006c3e00000,0x00000006c5f15b30,0x00000006cb080000)
 Metaspace       used 34421K, capacity 35348K, committed 35496K, reserved 1081344K
  class space    used 4063K, capacity 4337K, committed 4352K, reserved 1048576K
Event: 46.027 GC heap after
Heap after GC invocations=9 (full 2):
 PSYoungGen      total 208896K, used 0K [0x000000076bf80000, 0x0000000780480000, 0x00000007c0000000)
  eden space 178688K, 0% used [0x000000076bf80000,0x000000076bf80000,0x0000000776e00000)
  from space 30208K, 0% used [0x0000000776e00000,0x0000000776e00000,0x0000000778b80000)
  to   space 33792K, 0% used [0x000000077e380000,0x000000077e380000,0x0000000780480000)
 ParOldGen       total 200704K, used 40755K [0x00000006c3e00000, 0x00000006d0200000, 0x000000076bf80000)
  object space 200704K, 20% used [0x00000006c3e00000,0x00000006c65ccfe0,0x00000006d0200000)
 Metaspace       used 32562K, capacity 33354K, committed 35496K, reserved 1081344K
  class space    used 3806K, capacity 4055K, committed 4352K, reserved 1048576K
}

