# JRE version: Java(TM) SE Runtime Environment (8.0_73-b02) (build 1.8.0_73-b02)
# Java VM: Java HotSpot(TM) 64-Bit Server VM (25.73-b02 mixed mode windows-amd64 compressed oops)
Heap:
 PSYoungGen      total 75776K, used 43137K [0x000000076bf80000, 0x0000000771400000, 0x00000007c0000000)
  eden space 65024K, 49% used [0x000000076bf80000,0x000000076df24888,0x000000076ff00000)
  from space 10752K, 99% used [0x0000000770980000,0x00000007713fbcf8,0x0000000771400000)
  to   space 10752K, 0% used [0x000000076ff00000,0x000000076ff00000,0x0000000770980000)
 ParOldGen       total 129024K, used 25359K [0x00000006c3e00000, 0x00000006cbc00000, 0x000000076bf80000)
  object space 129024K, 19% used [0x00000006c3e00000,0x00000006c56c3cd0,0x00000006cbc00000)
 Metaspace       used 25037K, capacity 25724K, committed 25904K, reserved 1073152K
  class space    used 2917K, capacity 3120K, committed 3120K, reserved 1048576K
GC Heap History (10 events):
Event: 3.902 GC heap before
{Heap before GC invocations=3 (full 0):
 PSYoungGen      total 75776K, used 74882K [0x000000076bf80000, 0x0000000771400000, 0x00000007c0000000)
  eden space 65024K, 100% used [0x000000076bf80000,0x000000076ff00000,0x000000076ff00000)
  from space 10752K, 91% used [0x0000000770980000,0x00000007713209c8,0x0000000771400000)
  to   space 10752K, 0% used [0x000000076ff00000,0x000000076ff00000,0x0000000770980000)
 ParOldGen       total 173568K, used 32K [0x00000006c3e00000, 0x00000006ce780000, 0x000000076bf80000)
  object space 173568K, 0% used [0x00000006c3e00000,0x00000006c3e08000,0x00000006ce780000)
 Metaspace       used 17673K, capacity 18024K, committed 18432K, reserved 1064960K
  class space    used 2086K, capacity 2216K, committed 2304K, reserved 1048576K
Event: 3.922 GC heap after
Heap after GC invocations=3 (full 0):
 PSYoungGen      total 75776K, used 10736K [0x000000076bf80000, 0x0000000771400000, 0x00000007c0000000)
  eden space 65024K, 0% used [0x000000076bf80000,0x000000076bf80000,0x000000076ff00000)
  from space 10752K, 99% used [0x000000076ff00000,0x000000077097c060,0x0000000770980000)
  to   space 10752K, 0% used [0x0000000770980000,0x0000000770980000,0x0000000771400000)
 ParOldGen       total 173568K, used 5335K [0x00000006c3e00000, 0x00000006ce780000, 0x000000076bf80000)
  object space 173568K, 3% used [0x00000006c3e00000,0x00000006c4335cb8,0x00000006ce780000)
 Metaspace       used 17673K, capacity 18024K, committed 18432K, reserved 1064960K
  class space    used 2086K, capacity 2216K, committed 2304K, reserved 1048576K
}
Event: 4.862 GC heap before
{Heap before GC invocations=4 (full 0):
 PSYoungGen      total 75776K, used 75760K [0x000000076bf80000, 0x0000000771400000, 0x00000007c0000000)
  eden space 65024K, 100% used [0x000000076bf80000,0x000000076ff00000,0x000000076ff00000)
  from space 10752K, 99% used [0x000000076ff00000,0x000000077097c060,0x0000000770980000)
  to   space 10752K, 0% used [0x0000000770980000,0x0000000770980000,0x0000000771400000)
 ParOldGen       total 173568K, used 5335K [0x00000006c3e00000, 0x00000006ce780000, 0x000000076bf80000)
  object space 173568K, 3% used [0x00000006c3e00000,0x00000006c4335cb8,0x00000006ce780000)
 Metaspace       used 18474K, capacity 18988K, committed 19200K, reserved 1067008K
  class space    used 2141K, capacity 2258K, committed 2304K, reserved 1048576K
Event: 4.882 GC heap after
Heap after GC invocations=4 (full 0):
 PSYoungGen      total 75776K, used 10736K [0x000000076bf80000, 0x0000000771400000, 0x00000007c0000000)
  eden space 65024K, 0% used [0x000000076bf80000,0x000000076bf80000,0x000000076ff00000)
  from space 10752K, 99% used [0x0000000770980000,0x00000007713fc060,0x0000000771400000)
  to   space 10752K, 0% used [0x000000076ff00000,0x000000076ff00000,0x0000000770980000)
 ParOldGen       total 173568K, used 11075K [0x00000006c3e00000, 0x00000006ce780000, 0x000000076bf80000)
  object space 173568K, 6% used [0x00000006c3e00000,0x00000006c48d0c00,0x00000006ce780000)
 Metaspace       used 18474K, capacity 18988K, committed 19200K, reserved 1067008K
  class space    used 2141K, capacity 2258K, committed 2304K, reserved 1048576K
}
Event: 5.437 GC heap before
{Heap before GC invocations=5 (full 0):
 PSYoungGen      total 75776K, used 48037K [0x000000076bf80000, 0x0000000771400000, 0x00000007c0000000)
  eden space 65024K, 57% used [0x000000076bf80000,0x000000076e3ed4b8,0x000000076ff00000)
  from space 10752K, 99% used [0x0000000770980000,0x00000007713fc060,0x0000000771400000)
  to   space 10752K, 0% used [0x000000076ff00000,0x000000076ff00000,0x0000000770980000)
 ParOldGen       total 173568K, used 11075K [0x00000006c3e00000, 0x00000006ce780000, 0x000000076bf80000)
  object space 173568K, 6% used [0x00000006c3e00000,0x00000006c48d0c00,0x00000006ce780000)
 Metaspace       used 20643K, capacity 21170K, committed 21296K, reserved 1069056K
  class space    used 2410K, capacity 2563K, committed 2608K, reserved 1048576K
Event: 5.453 GC heap after
Heap after GC invocations=5 (full 0):
 PSYoungGen      total 75776K, used 10736K [0x000000076bf80000, 0x0000000771400000, 0x00000007c0000000)
  eden space 65024K, 0% used [0x000000076bf80000,0x000000076bf80000,0x000000076ff00000)
  from space 10752K, 99% used [0x000000076ff00000,0x000000077097c060,0x0000000770980000)
  to   space 10752K, 0% used [0x0000000770980000,0x0000000770980000,0x0000000771400000)
 ParOldGen       total 173568K, used 13807K [0x00000006c3e00000, 0x00000006ce780000, 0x000000076bf80000)
  object space 173568K, 7% used [0x00000006c3e00000,0x00000006c4b7bec8,0x00000006ce780000)
 Metaspace       used 20643K, capacity 21170K, committed 21296K, reserved 1069056K
  class space    used 2410K, capacity 2563K, committed 2608K, reserved 1048576K
}
Event: 5.453 GC heap before
{Heap before GC invocations=6 (full 1):
 PSYoungGen      total 75776K, used 10736K [0x000000076bf80000, 0x0000000771400000, 0x00000007c0000000)
  eden space 65024K, 0% used [0x000000076bf80000,0x000000076bf80000,0x000000076ff00000)
  from space 10752K, 99% used [0x000000076ff00000,0x000000077097c060,0x0000000770980000)
  to   space 10752K, 0% used [0x0000000770980000,0x0000000770980000,0x0000000771400000)
 ParOldGen       total 173568K, used 13807K [0x00000006c3e00000, 0x00000006ce780000, 0x000000076bf80000)
  object space 173568K, 7% used [0x00000006c3e00000,0x00000006c4b7bec8,0x00000006ce780000)
 Metaspace       used 20643K, capacity 21170K, committed 21296K, reserved 1069056K
  class space    used 2410K, capacity 2563K, committed 2608K, reserved 1048576K
Event: 5.568 GC heap after
Heap after GC invocations=6 (full 1):
 PSYoungGen      total 75776K, used 0K [0x000000076bf80000, 0x0000000771400000, 0x00000007c0000000)
  eden space 65024K, 0% used [0x000000076bf80000,0x000000076bf80000,0x000000076ff00000)
  from space 10752K, 0% used [0x000000076ff00000,0x000000076ff00000,0x0000000770980000)
  to   space 10752K, 0% used [0x0000000770980000,0x0000000770980000,0x0000000771400000)
 ParOldGen       total 129024K, used 20949K [0x00000006c3e00000, 0x00000006cbc00000, 0x000000076bf80000)
  object space 129024K, 16% used [0x00000006c3e00000,0x00000006c5275408,0x00000006cbc00000)
 Metaspace       used 20643K, capacity 21170K, committed 21296K, reserved 1069056K
  class space    used 2410K, capacity 2563K, committed 2608K, reserved 1048576K
}
Event: 7.625 GC heap before
{Heap before GC invocations=7 (full 1):
 PSYoungGen      total 75776K, used 65024K [0x000000076bf80000, 0x0000000771400000, 0x00000007c0000000)
  eden space 65024K, 100% used [0x000000076bf80000,0x000000076ff00000,0x000000076ff00000)
  from space 10752K, 0% used [0x000000076ff00000,0x000000076ff00000,0x0000000770980000)
  to   space 10752K, 0% used [0x0000000770980000,0x0000000770980000,0x0000000771400000)
 ParOldGen       total 129024K, used 20949K [0x00000006c3e00000, 0x00000006cbc00000, 0x000000076bf80000)
  object space 129024K, 16% used [0x00000006c3e00000,0x00000006c5275408,0x00000006cbc00000)
 Metaspace       used 24274K, capacity 24950K, committed 25008K, reserved 1071104K
  class space    used 2826K, capacity 2991K, committed 2992K, reserved 1048576K
Event: 7.641 GC heap after
Heap after GC invocations=7 (full 1):
 PSYoungGen      total 75776K, used 10735K [0x000000076bf80000, 0x0000000771400000, 0x00000007c0000000)
  eden space 65024K, 0% used [0x000000076bf80000,0x000000076bf80000,0x000000076ff00000)
  from space 10752K, 99% used [0x0000000770980000,0x00000007713fbcf8,0x0000000771400000)
  to   space 10752K, 0% used [0x000000076ff00000,0x000000076ff00000,0x0000000770980000)
 ParOldGen       total 129024K, used 25359K [0x00000006c3e00000, 0x00000006cbc00000, 0x000000076bf80000)
  object space 129024K, 19% used [0x00000006c3e00000,0x00000006c56c3cd0,0x00000006cbc00000)
 Metaspace       used 24274K, capacity 24950K, committed 25008K, reserved 1071104K
  class space    used 2826K, capacity 2991K, committed 2992K, reserved 1048576K
}

